[0.056s] Invoking command in '/home/katie/turtlebot3_ws/build/turtlebot3_msgs': CMAKE_PREFIX_PATH=${CMAKE_PREFIX_PATH}:/home/katie/turtlebot3_ws/install/turtlebot3_teleop:/home/katie/turtlebot3_ws/install/turtlebot3_example:/opt/ros/humble /usr/bin/cmake --build /home/katie/turtlebot3_ws/build/turtlebot3_msgs -- -j8 -l8
[0.214s] [  1%] Built target turtlebot3_msgs__cpp
[0.271s] [ 12%] Built target turtlebot3_msgs__rosidl_generator_c
[0.282s] [35m[1mConsolidate compiler generated dependencies of target turtlebot3_msgs__rosidl_typesupport_introspection_cpp[0m
[0.310s] [35m[1mConsolidate compiler generated dependencies of target turtlebot3_msgs__rosidl_typesupport_fastrtps_cpp[0m
[0.319s] [35m[1mConsolidate compiler generated dependencies of target turtlebot3_msgs__rosidl_typesupport_cpp[0m
[0.379s] [ 12%] Built target ament_cmake_python_symlink_turtlebot3_msgs
[0.414s] [35m[1mConsolidate compiler generated dependencies of target turtlebot3_msgs__rosidl_typesupport_introspection_c[0m
[0.435s] [35m[1mConsolidate compiler generated dependencies of target turtlebot3_msgs__rosidl_typesupport_fastrtps_c[0m
[0.456s] [ 35%] Built target turtlebot3_msgs__rosidl_typesupport_introspection_cpp
[0.457s] [ 35%] Built target turtlebot3_msgs__rosidl_typesupport_introspection_c
[0.483s] [ 46%] Built target turtlebot3_msgs__rosidl_typesupport_fastrtps_cpp
[0.483s] [35m[1mConsolidate compiler generated dependencies of target turtlebot3_msgs__rosidl_typesupport_c[0m
[0.488s] [ 57%] Built target turtlebot3_msgs__rosidl_typesupport_cpp
[0.513s] [ 69%] Built target turtlebot3_msgs__rosidl_typesupport_fastrtps_c
[0.528s] [ 80%] Built target turtlebot3_msgs__rosidl_typesupport_c
[0.581s] [ 80%] Built target turtlebot3_msgs
[0.630s] [ 81%] [34m[1mGenerating Python code for ROS interfaces[0m
[0.917s] running egg_info
[0.955s] writing turtlebot3_msgs.egg-info/PKG-INFO
[0.956s] writing dependency_links to turtlebot3_msgs.egg-info/dependency_links.txt
[0.957s] writing top-level names to turtlebot3_msgs.egg-info/top_level.txt
[1.065s] reading manifest file 'turtlebot3_msgs.egg-info/SOURCES.txt'
[1.096s] Traceback (most recent call last):
[1.096s]   File "/home/katie/turtlebot3_ws/build/turtlebot3_msgs/ament_cmake_python/turtlebot3_msgs/setup.py", line 4, in <module>
[1.097s]     setup(
[1.097s]   File "/home/katie/.local/lib/python3.10/site-packages/setuptools/__init__.py", line 117, in setup
[1.097s]     return distutils.core.setup(**attrs)
[1.097s]   File "/home/katie/.local/lib/python3.10/site-packages/setuptools/_distutils/core.py", line 186, in setup
[1.098s]     return run_commands(dist)
[1.098s]   File "/home/katie/.local/lib/python3.10/site-packages/setuptools/_distutils/core.py", line 202, in run_commands
[1.098s]     dist.run_commands()
[1.098s]   File "/home/katie/.local/lib/python3.10/site-packages/setuptools/_distutils/dist.py", line 983, in run_commands
[1.098s]     self.run_command(cmd)
[1.098s]   File "/home/katie/.local/lib/python3.10/site-packages/setuptools/dist.py", line 999, in run_command
[1.099s]     super().run_command(command)
[1.099s]   File "/home/katie/.local/lib/python3.10/site-packages/setuptools/_distutils/dist.py", line 1002, in run_command
[1.099s]     cmd_obj.run()
[1.099s]   File "/home/katie/.local/lib/python3.10/site-packages/setuptools/command/egg_info.py", line 312, in run
[1.099s]     self.find_sources()
[1.099s]   File "/home/katie/.local/lib/python3.10/site-packages/setuptools/command/egg_info.py", line 320, in find_sources
[1.099s]     mm.run()
[1.099s]   File "/home/katie/.local/lib/python3.10/site-packages/setuptools/command/egg_info.py", line 548, in run
[1.100s]     self.prune_file_list()
[1.100s]   File "/home/katie/.local/lib/python3.10/site-packages/setuptools/command/sdist.py", line 162, in prune_file_list
[1.100s]     super().prune_file_list()
[1.100s]   File "/home/katie/.local/lib/python3.10/site-packages/setuptools/_distutils/command/sdist.py", line 380, in prune_file_list
[1.101s]     base_dir = self.distribution.get_fullname()
[1.101s]   File "/home/katie/.local/lib/python3.10/site-packages/setuptools/_core_metadata.py", line 272, in get_fullname
[1.101s]     return _distribution_fullname(self.get_name(), self.get_version())
[1.102s]   File "/home/katie/.local/lib/python3.10/site-packages/setuptools/_core_metadata.py", line 290, in _distribution_fullname
[1.102s]     canonicalize_version(version, strip_trailing_zero=False),
[1.102s] TypeError: canonicalize_version() got an unexpected keyword argument 'strip_trailing_zero'
[1.166s] gmake[2]: *** [CMakeFiles/ament_cmake_python_build_turtlebot3_msgs_egg.dir/build.make:70: CMakeFiles/ament_cmake_python_build_turtlebot3_msgs_egg] Error 1
[1.166s] gmake[1]: *** [CMakeFiles/Makefile2:447: CMakeFiles/ament_cmake_python_build_turtlebot3_msgs_egg.dir/all] Error 2
[1.166s] gmake[1]: *** Waiting for unfinished jobs....
[3.209s] [ 81%] Built target turtlebot3_msgs__py
[3.211s] gmake: *** [Makefile:146: all] Error 2
