[  2%] Built target dynamixel_sdk_custom_interfaces__cpp
[ 12%] Built target dynamixel_sdk_custom_interfaces__rosidl_generator_c
[ 12%] Built target ament_cmake_python_symlink_dynamixel_sdk_custom_interfaces
[35m[1mConsolidate compiler generated dependencies of target dynamixel_sdk_custom_interfaces__rosidl_typesupport_introspection_cpp[0m
[35m[1mConsolidate compiler generated dependencies of target dynamixel_sdk_custom_interfaces__rosidl_typesupport_fastrtps_cpp[0m
[35m[1mConsolidate compiler generated dependencies of target dynamixel_sdk_custom_interfaces__rosidl_typesupport_cpp[0m
[35m[1mConsolidate compiler generated dependencies of target dynamixel_sdk_custom_interfaces__rosidl_typesupport_c[0m
[35m[1mConsolidate compiler generated dependencies of target dynamixel_sdk_custom_interfaces__rosidl_typesupport_fastrtps_c[0m
[ 23%] Built target dynamixel_sdk_custom_interfaces__rosidl_typesupport_introspection_cpp
[35m[1mConsolidate compiler generated dependencies of target dynamixel_sdk_custom_interfaces__rosidl_typesupport_introspection_c[0m
[ 33%] Built target dynamixel_sdk_custom_interfaces__rosidl_typesupport_fastrtps_cpp
[ 43%] Built target dynamixel_sdk_custom_interfaces__rosidl_typesupport_c
[ 53%] Built target dynamixel_sdk_custom_interfaces__rosidl_typesupport_cpp
[ 64%] Built target dynamixel_sdk_custom_interfaces__rosidl_typesupport_fastrtps_c
[ 74%] Built target dynamixel_sdk_custom_interfaces__rosidl_typesupport_introspection_c
[ 74%] Built target dynamixel_sdk_custom_interfaces
[ 76%] [34m[1mGenerating Python code for ROS interfaces[0m
running egg_info
writing dynamixel_sdk_custom_interfaces.egg-info/PKG-INFO
writing dependency_links to dynamixel_sdk_custom_interfaces.egg-info/dependency_links.txt
writing top-level names to dynamixel_sdk_custom_interfaces.egg-info/top_level.txt
reading manifest file 'dynamixel_sdk_custom_interfaces.egg-info/SOURCES.txt'
Traceback (most recent call last):
  File "/home/katie/turtlebot3_ws/build/dynamixel_sdk_custom_interfaces/ament_cmake_python/dynamixel_sdk_custom_interfaces/setup.py", line 4, in <module>
    setup(
  File "/home/katie/.local/lib/python3.10/site-packages/setuptools/__init__.py", line 117, in setup
    return distutils.core.setup(**attrs)
  File "/home/katie/.local/lib/python3.10/site-packages/setuptools/_distutils/core.py", line 186, in setup
    return run_commands(dist)
  File "/home/katie/.local/lib/python3.10/site-packages/setuptools/_distutils/core.py", line 202, in run_commands
    dist.run_commands()
  File "/home/katie/.local/lib/python3.10/site-packages/setuptools/_distutils/dist.py", line 983, in run_commands
    self.run_command(cmd)
  File "/home/katie/.local/lib/python3.10/site-packages/setuptools/dist.py", line 999, in run_command
    super().run_command(command)
  File "/home/katie/.local/lib/python3.10/site-packages/setuptools/_distutils/dist.py", line 1002, in run_command
    cmd_obj.run()
  File "/home/katie/.local/lib/python3.10/site-packages/setuptools/command/egg_info.py", line 312, in run
    self.find_sources()
  File "/home/katie/.local/lib/python3.10/site-packages/setuptools/command/egg_info.py", line 320, in find_sources
    mm.run()
  File "/home/katie/.local/lib/python3.10/site-packages/setuptools/command/egg_info.py", line 548, in run
    self.prune_file_list()
  File "/home/katie/.local/lib/python3.10/site-packages/setuptools/command/sdist.py", line 162, in prune_file_list
    super().prune_file_list()
  File "/home/katie/.local/lib/python3.10/site-packages/setuptools/_distutils/command/sdist.py", line 380, in prune_file_list
    base_dir = self.distribution.get_fullname()
  File "/home/katie/.local/lib/python3.10/site-packages/setuptools/_core_metadata.py", line 272, in get_fullname
    return _distribution_fullname(self.get_name(), self.get_version())
  File "/home/katie/.local/lib/python3.10/site-packages/setuptools/_core_metadata.py", line 290, in _distribution_fullname
    canonicalize_version(version, strip_trailing_zero=False),
TypeError: canonicalize_version() got an unexpected keyword argument 'strip_trailing_zero'
gmake[2]: *** [CMakeFiles/ament_cmake_python_build_dynamixel_sdk_custom_interfaces_egg.dir/build.make:70: CMakeFiles/ament_cmake_python_build_dynamixel_sdk_custom_interfaces_egg] Error 1
gmake[1]: *** [CMakeFiles/Makefile2:447: CMakeFiles/ament_cmake_python_build_dynamixel_sdk_custom_interfaces_egg.dir/all] Error 2
gmake[1]: *** Waiting for unfinished jobs....
[ 76%] Built target dynamixel_sdk_custom_interfaces__py
gmake: *** [Makefile:146: all] Error 2
